<?xml version="1.0" encoding="UTF-8"?>
<!-- Generated by org.testng.reporters.JUnitXMLReporter -->
<testsuite ignored="0" hostname="Admin" failures="0" tests="2" name="Test" time="0.074" errors="0" timestamp="2021-12-06T18:12:08 IST">
  <testcase classname="com.crm.comcast.genericutility.BaseClass" name="@BeforeClass launchBrowser" time="-1.638794528464E9">
    <failure type="org.testng.TestNGException" message="
Parameter &amp;apos;BROWSER&amp;apos; is required by BeforeClass on method launchBrowser but has not been marked @Optional or defined
in D:\AdvanceSelenium\sdet\com.crm.SDET-25\testng_OrganizationSuite.xml">
      <![CDATA[org.testng.TestNGException: 
Parameter 'BROWSER' is required by BeforeClass on method launchBrowser but has not been marked @Optional or defined
in D:\AdvanceSelenium\sdet\com.crm.SDET-25\testng_OrganizationSuite.xml
at java.base/java.util.ArrayList.forEach(ArrayList.java:1511)
... Removed 22 stack frames]]>
    </failure>
  </testcase> <!-- @BeforeClass launchBrowser -->
  <testcase classname="com.crm.comcast.genericutility.BaseClass" name="@BeforeMethod loginToApplication" time="-1.638794528489E9">
    <skipped/>
  </testcase> <!-- @BeforeMethod loginToApplication -->
  <testcase classname="com.crm.comcast.genericutility.BaseClass" name="@AfterMethod logoutFromApplication" time="-1.638794528498E9">
    <skipped/>
  </testcase> <!-- @AfterMethod logoutFromApplication -->
  <testcase classname="com.crm.comcast.genericutility.BaseClass" name="@BeforeMethod loginToApplication" time="-1.638794528502E9">
    <skipped/>
  </testcase> <!-- @BeforeMethod loginToApplication -->
  <testcase classname="com.crm.comcast.genericutility.BaseClass" name="@AfterMethod logoutFromApplication" time="-1.638794528515E9">
    <skipped/>
  </testcase> <!-- @AfterMethod logoutFromApplication -->
  <testcase classname="com.crm.comcast.genericutility.BaseClass" name="@AfterClass closeTheBrowser" time="-1.638794528518E9">
    <skipped/>
  </testcase> <!-- @AfterClass closeTheBrowser -->
  <testcase classname="com.crm.comcast.organaizationTest.CreateOrganizationTest" name="createOrganizationTest" time="0.0">
    <skipped/>
  </testcase> <!-- createOrganizationTest -->
  <testcase classname="com.crm.comcast.organaizationTest.CreateOrganizationTest" name="createOrganizationWithIndustryTypeTest" time="0.0">
    <skipped/>
  </testcase> <!-- createOrganizationWithIndustryTypeTest -->
</testsuite> <!-- Test -->
